<?xml version="1.0" encoding="UTF-8"?>
<!-- Generated by org.testng.reporters.JUnitReportReporter -->
<testsuite hostname="DESKTOP-6GVOOPD" failures="0" tests="3" name="crmtests.LoginPageTest" time="61.090" errors="0" timestamp="2023-03-24T08:19:01 IST" skipped="0">
  <testcase classname="crmtests.LoginPageTest" name="validateLoginTest" time="26.107"/>
  <system-out/>
  <testcase classname="crmtests.LoginPageTest" name="validateLogoTest" time="17.076"/>
  <system-out/>
  <testcase classname="crmtests.LoginPageTest" name="valdiateForgotPasswordLinkRedirection" time="17.907"/>
  <system-out/>
</testsuite> <!-- crmtests.LoginPageTest -->
