<?xml version="1.0" encoding="UTF-8"?>
<!-- Generated by org.testng.reporters.JUnitReportReporter -->
<testsuite hostname="DESKTOP-U7LI8OE" failures="0" tests="3" name="crmtests.LoginPageTest" time="58.805" errors="0" timestamp="2023-06-13T12:34:00 IST" skipped="0">
  <testcase classname="crmtests.LoginPageTest" name="ValidateForgotPasswordLinkRedirection" time="28.523"/>
  <system-out/>
  <testcase classname="crmtests.LoginPageTest" name="ValidateLogoTest" time="11.745"/>
  <system-out/>
  <testcase classname="crmtests.LoginPageTest" name="validateLoginPage" time="18.537"/>
  <system-out/>
</testsuite> <!-- crmtests.LoginPageTest -->
