<?xml version="1.0" encoding="UTF-8"?>
<!-- Generated by org.testng.reporters.JUnitReportReporter -->
<testsuite hostname="DESKTOP-6GVOOPD" failures="0" tests="1" name="crmtests.HomePageTest" time="53.833" errors="0" timestamp="2023-03-30T07:44:09 IST" skipped="0">
  <testcase classname="crmtests.HomePageTest" name="validate_Task_Link_RedirectionTest" time="53.833"/>
  <system-out/>
</testsuite> <!-- crmtests.HomePageTest -->
